<?xml version="1.0" encoding="UTF-8"?>
<!-- Generated by org.testng.reporters.JUnitReportReporter -->
<testsuite hostname="aspire1418" name="Selenium.Java.Project.seleniumjava.AppTest" tests="1" failures="0" timestamp="6 Jun 2018 15:02:48 GMT" time="34.475" errors="0">
  <testcase name="apptestmethod" time="34.475" classname="Selenium.Java.Project.seleniumjava.AppTest"/>
</testsuite> <!-- Selenium.Java.Project.seleniumjava.AppTest -->
